<?xml version="1.0" encoding="UTF-8"?>
<!-- Generated by org.testng.reporters.JUnitReportReporter -->
<testsuite skipped="0" hostname="LSTKMY231043" name="tsd.TSD_Add_Customer" tests="1" failures="0" timestamp="30 Aug 2020 22:51:32 GMT" time="9.856" errors="0">
  <testcase name="addCustomerTest" time="9.856" classname="tsd.TSD_Add_Customer"/>
</testsuite> <!-- tsd.TSD_Add_Customer -->
