<?xml version="1.0" encoding="UTF-8"?>
<!-- Generated by org.testng.reporters.JUnitReportReporter -->
<testsuite skipped="0" hostname="LSTKMY231043" name="tsd.TestingSearch" tests="1" failures="0" timestamp="28 Aug 2020 22:55:55 GMT" time="4.387" errors="0">
  <testcase name="search" time="4.387" classname="tsd.TestingSearch"/>
</testsuite> <!-- tsd.TestingSearch -->
