<?xml version="1.0" encoding="UTF-8"?>
<!-- Generated by org.testng.reporters.JUnitReportReporter -->
<testsuite skipped="0" hostname="LSTKMY231043" name="tsd.TSD_Bank" tests="2" failures="0" timestamp="03 Sep 2020 19:41:26 GMT" time="27.740" errors="0">
  <testcase name="addCustomer" time="14.454" classname="tsd.TSD_Bank"/>
  <testcase name="deleteCustomer" time="13.286" classname="tsd.TSD_Bank"/>
</testsuite> <!-- tsd.TSD_Bank -->
