<?xml version="1.0" encoding="UTF-8"?>
<!-- Generated by org.testng.reporters.JUnitReportReporter -->
<testsuite skipped="0" hostname="LSTKMY231043" name="tsd.TSD_Bank" tests="2" failures="0" timestamp="03 Sep 2020 19:39:43 GMT" time="30.369" errors="0">
  <testcase name="deleteCustomer" time="13.829" classname="tsd.TSD_Bank"/>
  <testcase name="addCustomer" time="16.540" classname="tsd.TSD_Bank"/>
</testsuite> <!-- tsd.TSD_Bank -->
