<?xml version="1.0" encoding="UTF-8"?>
<!-- Generated by org.testng.reporters.JUnitReportReporter -->
<testsuite skipped="0" hostname="LSTKMY231043" name="tsd.TSD_Test" tests="1" failures="0" timestamp="03 Sep 2020 19:39:43 GMT" time="14.806" errors="0">
  <testcase name="updateAddress" time="14.806" classname="tsd.TSD_Test"/>
</testsuite> <!-- tsd.TSD_Test -->
